{
  "stats": {
    "suites": 1,
    "tests": 8,
    "passes": 8,
    "pending": 0,
    "failures": 0,
    "start": "2022-10-03T13:55:37.647Z",
    "end": "2022-10-03T13:55:40.736Z",
    "duration": 3089,
    "testsRegistered": 8,
    "passPercent": 100,
    "pendingPercent": 0,
    "other": 0,
    "hasOther": false,
    "skipped": 0,
    "hasSkipped": false
  },
  "results": [
    {
      "uuid": "a10bc420-8c85-4cc3-994b-48b16a8e8a5b",
      "title": "",
      "fullFile": "cypress/e2e/HomePage.cy.js",
      "file": "cypress/e2e/HomePage.cy.js",
      "beforeHooks": [],
      "afterHooks": [],
      "tests": [],
      "suites": [
        {
          "uuid": "89278dab-23c7-4ec2-9a77-0802bf505d4e",
          "title": "FrontexTesting HomePage",
          "fullFile": "",
          "file": "",
          "beforeHooks": [],
          "afterHooks": [],
          "tests": [
            {
              "title": "HomePage Welcome",
              "fullTitle": "FrontexTesting HomePage HomePage Welcome",
              "timedOut": null,
              "duration": 1253,
              "state": "passed",
              "speed": "fast",
              "pass": true,
              "fail": false,
              "pending": false,
              "context": null,
              "code": "// FIRST visit of the page & validating assertion for load \n// assertion for both request\n// cy.request included\n//Home Page\ncy.visit('https://dev-f0x-wallet.netlify.app/nft/ethereum/0x63D360Aa96470B806CD1dFd709A155039bdA37F8');\ncy.url().should('eq', 'https://dev-f0x-wallet.netlify.app/nft/ethereum/0x63D360Aa96470B806CD1dFd709A155039bdA37F8'); // cy.request\ncy.request({\n  method: 'GET',\n  url: '/0x63D360Aa96470B806CD1dFd709A155039bdA37F',\n  failOnStatusCode: false\n}).then(resp => {\n  expect(resp.status).to.eq(404);\n  expect(resp.body).to.have.length(11195);\n  expect(resp).to.have.property('headers');\n  expect(resp).to.have.property('duration');\n  cy.log(resp);\n});",
              "err": {},
              "uuid": "3e717f96-23b3-45ca-9b1b-cae898f350db",
              "parentUUID": "89278dab-23c7-4ec2-9a77-0802bf505d4e",
              "isHook": false,
              "skipped": false
            },
            {
              "title": "List menu",
              "fullTitle": "FrontexTesting HomePage List menu",
              "timedOut": null,
              "duration": 30,
              "state": "passed",
              "speed": "fast",
              "pass": true,
              "fail": false,
              "pending": false,
              "context": null,
              "code": "// Header bar\ncy.get('.sticky').should('be.visible').should('have.length', '1'); // getting the ul \n// navigating the List items with assertions\ncy.xpath(\"//ul[@class='flex gap-8']\").find('> li').should('have.length', '6').should($lis => {\n  expect($lis, '6 items').to.have.length(6);\n  expect($lis.eq(0), 'first item').to.contain('Dashboard');\n  expect($lis.eq(1), 'second item').to.contain('NFTs');\n  expect($lis.eq(2), 'third item').to.contain('Tokens');\n  expect($lis.eq(3), 'third item').to.contain('Connect');\n  expect($lis.eq(4), 'third item').to.contain('Chat');\n  expect($lis.eq(5), 'third item').to.contain('Settings');\n});",
              "err": {},
              "uuid": "062d9967-0bb4-47e0-a0e6-6be17cfbe20e",
              "parentUUID": "89278dab-23c7-4ec2-9a77-0802bf505d4e",
              "isHook": false,
              "skipped": false
            },
            {
              "title": "User Account & Token Validation",
              "fullTitle": "FrontexTesting HomePage User Account & Token Validation",
              "timedOut": null,
              "duration": 26,
              "state": "passed",
              "speed": "fast",
              "pass": true,
              "fail": false,
              "pending": false,
              "context": null,
              "code": "// validating if wallet user is visible @ account\ncy.get('.sticky > p').should('have.text', 'ropsten').and('be.visible').and('have.value', ''); // token\ncy.get('.sticky > :nth-child(4)').should('have.text', '0x306...857f').and('have.length', '1').and('be.visible');",
              "err": {},
              "uuid": "f502988f-74d8-4b03-9e49-bd23d36c2f92",
              "parentUUID": "89278dab-23c7-4ec2-9a77-0802bf505d4e",
              "isHook": false,
              "skipped": false
            },
            {
              "title": "Main body of Welcome page",
              "fullTitle": "FrontexTesting HomePage Main body of Welcome page",
              "timedOut": null,
              "duration": 153,
              "state": "passed",
              "speed": "fast",
              "pass": true,
              "fail": false,
              "pending": false,
              "context": null,
              "code": "//main body of the page\ncy.get('.m-10').should('have.text', 'Wallet Balance DashboardETH : 0.000031944377934NFTsCollections Blue NFTLottery GeneNFTLotteryBlue NFTLottery Genesis').should('have.length', 1).should('have.value', '');\ncy.log('.m10');",
              "err": {},
              "uuid": "171fb9d9-fe2b-456e-9f0b-9f9b6970f97a",
              "parentUUID": "89278dab-23c7-4ec2-9a77-0802bf505d4e",
              "isHook": false,
              "skipped": false
            },
            {
              "title": "VIP ticket",
              "fullTitle": "FrontexTesting HomePage VIP ticket",
              "timedOut": null,
              "duration": 239,
              "state": "passed",
              "speed": "fast",
              "pass": true,
              "fail": false,
              "pending": false,
              "context": null,
              "code": "// getting the NFT collections feed\ncy.get('.w-48').find('h2').should('have.text', 'NFTLottery'); // next one \ncy.get('.w-48').find('h3').should('have.text', 'Blue NFTLottery Genesis'); //if it contains the image\ncy.xpath(\"//img[@class='h-48 cover']\").should('be.visible').and($img => {\n  // \"naturalWidth\" and \"naturalHeight\" are set when the image loads\n  expect($img[0].naturalWidth).to.be.greaterThan(0);\n});",
              "err": {},
              "uuid": "2cb639c2-ec44-4e97-9d7c-084e7db06c29",
              "parentUUID": "89278dab-23c7-4ec2-9a77-0802bf505d4e",
              "isHook": false,
              "skipped": false
            },
            {
              "title": "Collections Area",
              "fullTitle": "FrontexTesting HomePage Collections Area",
              "timedOut": null,
              "duration": 106,
              "state": "passed",
              "speed": "fast",
              "pass": true,
              "fail": false,
              "pending": false,
              "context": null,
              "code": "//validating the Collections area\ncy.xpath(\"//div[@class='w-1/4']\").find('h2').should('have.text', 'Collections').should('have.length', '1'); //checkbox validation\ncy.get('.block').should('be.visible').and('have.text', ' Blue NFTLottery Gene'); // .should('have.attr', 'placeholder');\n//gettiong the checkbox\ncy.get('.block > input').should('be.visible').check();",
              "err": {},
              "uuid": "7484083f-b482-49c1-a724-8add1596fd0f",
              "parentUUID": "89278dab-23c7-4ec2-9a77-0802bf505d4e",
              "isHook": false,
              "skipped": false
            },
            {
              "title": "NFT description",
              "fullTitle": "FrontexTesting HomePage NFT description",
              "timedOut": null,
              "duration": 14,
              "state": "passed",
              "speed": "fast",
              "pass": true,
              "fail": false,
              "pending": false,
              "context": null,
              "code": "//validating nft description\ncy.get('.p-2').find('h2').should('have.text', 'NFTLottery'); //\ncy.get('.text-xs').should('have.text', 'Blue NFTLottery Genesis');",
              "err": {},
              "uuid": "cb8108e7-5aae-4e00-9366-595f1e0ae8b7",
              "parentUUID": "89278dab-23c7-4ec2-9a77-0802bf505d4e",
              "isHook": false,
              "skipped": false
            },
            {
              "title": "Footer bar",
              "fullTitle": "FrontexTesting HomePage Footer bar",
              "timedOut": null,
              "duration": 29,
              "state": "passed",
              "speed": "fast",
              "pass": true,
              "fail": false,
              "pending": false,
              "context": null,
              "code": "//getting the validation for Footer bar\ncy.xpath(\"//footer[@class='px-8 py-10 bg-gray-300 space-y-6']\").should('have.length', 1).and('be.visible'); //navigation bar LI\ncy.get('nav > .flex').find('> li').should('have.length', '3').should($lis => {\n  expect($lis, '3 items').to.have.length(3);\n  expect($lis.eq(0), 'first item').to.contain('Support');\n  expect($lis.eq(1), 'second item').to.contain('FAQs');\n  expect($lis.eq(2), 'third item').to.contain('Marketplace');\n}); // validating images first logo Discord\ncy.get(':nth-child(2) > svg') // .find('svg')\n// .should('be.visible')\n// .and(($img) => {\n// // \"naturalWidth\" and \"naturalHeight\" are set when the image loads\n// expect($img[0].naturalWidth).to.be.greaterThan(0)\n// });\n.should('have.text', 'Discord');\ncy.get('.gap-8 > :nth-child(1) > svg').should('have.text', 'Twitter'); //last logo \ncy.get('.px-8 > .w-40 > .w-full').should('be.visible').and('have.text', 'Frontier X logo');",
              "err": {},
              "uuid": "1864f115-62e2-469c-8009-b7af16fad2e8",
              "parentUUID": "89278dab-23c7-4ec2-9a77-0802bf505d4e",
              "isHook": false,
              "skipped": false
            }
          ],
          "suites": [],
          "passes": [
            "3e717f96-23b3-45ca-9b1b-cae898f350db",
            "062d9967-0bb4-47e0-a0e6-6be17cfbe20e",
            "f502988f-74d8-4b03-9e49-bd23d36c2f92",
            "171fb9d9-fe2b-456e-9f0b-9f9b6970f97a",
            "2cb639c2-ec44-4e97-9d7c-084e7db06c29",
            "7484083f-b482-49c1-a724-8add1596fd0f",
            "cb8108e7-5aae-4e00-9366-595f1e0ae8b7",
            "1864f115-62e2-469c-8009-b7af16fad2e8"
          ],
          "failures": [],
          "pending": [],
          "skipped": [],
          "duration": 1850,
          "root": false,
          "rootEmpty": false,
          "_timeout": 2000
        }
      ],
      "passes": [],
      "failures": [],
      "pending": [],
      "skipped": [],
      "duration": 0,
      "root": true,
      "rootEmpty": true,
      "_timeout": 2000
    }
  ],
  "meta": {
    "mocha": {
      "version": "7.0.1"
    },
    "mochawesome": {
      "options": {
        "quiet": false,
        "reportFilename": "mochawesome",
        "saveHtml": true,
        "saveJson": true,
        "consoleReporter": "spec",
        "useInlineDiffs": false,
        "code": true
      },
      "version": "7.1.3"
    },
    "marge": {
      "options": {
        "charts": true,
        "overwrite": false,
        "html": true,
        "json": true
      },
      "version": "6.2.0"
    }
  }
}