{
  "stats": {
    "suites": 1,
    "tests": 8,
    "passes": 8,
    "pending": 0,
    "failures": 0,
    "start": "2022-10-03T13:55:42.846Z",
    "end": "2022-10-03T13:55:45.778Z",
    "duration": 2932,
    "testsRegistered": 8,
    "passPercent": 100,
    "pendingPercent": 0,
    "other": 0,
    "hasOther": false,
    "skipped": 0,
    "hasSkipped": false
  },
  "results": [
    {
      "uuid": "dbf86dc6-18e6-4582-bc4a-2a500d72b8e0",
      "title": "",
      "fullFile": "cypress/e2e/WelcomepageFunctions.cy.js",
      "file": "cypress/e2e/WelcomepageFunctions.cy.js",
      "beforeHooks": [],
      "afterHooks": [],
      "tests": [],
      "suites": [
        {
          "uuid": "1ab29a0b-64e0-453d-964a-be9082302db2",
          "title": "FrontexTesting HomePage",
          "fullFile": "",
          "file": "",
          "beforeHooks": [],
          "afterHooks": [],
          "tests": [
            {
              "title": "Check bxo validation",
              "fullTitle": "FrontexTesting HomePage Check bxo validation",
              "timedOut": null,
              "duration": 985,
              "state": "passed",
              "speed": "fast",
              "pass": true,
              "fail": false,
              "pending": false,
              "context": null,
              "code": "//already done once but , \ncy.get('.block > input').should('be.visible').check();",
              "err": {},
              "uuid": "386dc21c-ffa1-47be-ae21-c2230baf7766",
              "parentUUID": "1ab29a0b-64e0-453d-964a-be9082302db2",
              "isHook": false,
              "skipped": false
            },
            {
              "title": "Search option Validation",
              "fullTitle": "FrontexTesting HomePage Search option Validation",
              "timedOut": null,
              "duration": 451,
              "state": "passed",
              "speed": "fast",
              "pass": true,
              "fail": false,
              "pending": false,
              "context": null,
              "code": "//checking for other or currnet nft \ncy.xpath(\"//input[@placeholder='Search NFTs']\").should('be.empty').type('Teste') // there are no nfts currently beside the one \n// clearing the are\n.clear();",
              "err": {},
              "uuid": "2592408b-3802-4ccb-a1db-931a45997252",
              "parentUUID": "1ab29a0b-64e0-453d-964a-be9082302db2",
              "isHook": false,
              "skipped": false
            },
            {
              "title": "NFTs area functional Validation",
              "fullTitle": "FrontexTesting HomePage NFTs area functional Validation",
              "timedOut": null,
              "duration": 109,
              "state": "passed",
              "speed": "fast",
              "pass": true,
              "fail": false,
              "pending": false,
              "context": null,
              "code": "//navigating\ncy.get('.sticky > :nth-child(2) > .flex').find('>li').should('have.length', '6').contains('NFTs').click({\n  setTimeout: 2000\n});",
              "err": {},
              "uuid": "6ef50d00-e009-4c6b-9e15-c1899e68a9d2",
              "parentUUID": "1ab29a0b-64e0-453d-964a-be9082302db2",
              "isHook": false,
              "skipped": false
            },
            {
              "title": "NFTs Recieve",
              "fullTitle": "FrontexTesting HomePage NFTs Recieve",
              "timedOut": null,
              "duration": 114,
              "state": "passed",
              "speed": "fast",
              "pass": true,
              "fail": false,
              "pending": false,
              "context": null,
              "code": "cy.get('.max-w-6xl > :nth-child(2) > .flex > :nth-child(1)').should('be.visible').click({\n  setTimeout: 2000\n}); //nothing happens as on tests",
              "err": {},
              "uuid": "15fb40cd-2ae7-4f8e-b45d-89fecdc3eb09",
              "parentUUID": "1ab29a0b-64e0-453d-964a-be9082302db2",
              "isHook": false,
              "skipped": false
            },
            {
              "title": "NFTs Buy functional Validation",
              "fullTitle": "FrontexTesting HomePage NFTs Buy functional Validation",
              "timedOut": null,
              "duration": 87,
              "state": "passed",
              "speed": "fast",
              "pass": true,
              "fail": false,
              "pending": false,
              "context": null,
              "code": "cy.get('.max-w-6xl > :nth-child(2) > .flex > :nth-child(2)').should('be.visible').click({\n  setTimeout: 2000\n}); //nothing happens as on tests",
              "err": {},
              "uuid": "295beaeb-8e66-45c6-bf4e-4579ed80ed32",
              "parentUUID": "1ab29a0b-64e0-453d-964a-be9082302db2",
              "isHook": false,
              "skipped": false
            },
            {
              "title": "NFTs Favorites funciton",
              "fullTitle": "FrontexTesting HomePage NFTs Favorites funciton",
              "timedOut": null,
              "duration": 89,
              "state": "passed",
              "speed": "fast",
              "pass": true,
              "fail": false,
              "pending": false,
              "context": null,
              "code": "//sorting the NFTs\ncy.get('[href=\"/nfts?tab=favorites\"]').should('be.visible').click();\ncy.url().should('include', 'favorites');",
              "err": {},
              "uuid": "47a200d9-0edc-49a3-8df2-9afe22a687c2",
              "parentUUID": "1ab29a0b-64e0-453d-964a-be9082302db2",
              "isHook": false,
              "skipped": false
            },
            {
              "title": "NFTs Activity functional Validation",
              "fullTitle": "FrontexTesting HomePage NFTs Activity functional Validation",
              "timedOut": null,
              "duration": 93,
              "state": "passed",
              "speed": "fast",
              "pass": true,
              "fail": false,
              "pending": false,
              "context": null,
              "code": "//sorting the NFTs\ncy.get('[href=\"/nfts?tab=favorites\"]').should('be.visible').click();\ncy.url().should('eq', 'https://dev-f0x-wallet.netlify.app/nfts?tab=favorites');",
              "err": {},
              "uuid": "cf97d26b-ba83-4588-b646-56c548a26359",
              "parentUUID": "1ab29a0b-64e0-453d-964a-be9082302db2",
              "isHook": false,
              "skipped": false
            },
            {
              "title": "NFTs Collection putback",
              "fullTitle": "FrontexTesting HomePage NFTs Collection putback",
              "timedOut": null,
              "duration": 91,
              "state": "passed",
              "speed": "fast",
              "pass": true,
              "fail": false,
              "pending": false,
              "context": null,
              "code": "cy.get('[href=\"/nfts?tab=collections\"]').should('be.visible').click();\ncy.url().should('include', 'collections');",
              "err": {},
              "uuid": "47b31e8e-7f94-4ae1-8ed5-ebbf86028ad6",
              "parentUUID": "1ab29a0b-64e0-453d-964a-be9082302db2",
              "isHook": false,
              "skipped": false
            }
          ],
          "suites": [],
          "passes": [
            "386dc21c-ffa1-47be-ae21-c2230baf7766",
            "2592408b-3802-4ccb-a1db-931a45997252",
            "6ef50d00-e009-4c6b-9e15-c1899e68a9d2",
            "15fb40cd-2ae7-4f8e-b45d-89fecdc3eb09",
            "295beaeb-8e66-45c6-bf4e-4579ed80ed32",
            "47a200d9-0edc-49a3-8df2-9afe22a687c2",
            "cf97d26b-ba83-4588-b646-56c548a26359",
            "47b31e8e-7f94-4ae1-8ed5-ebbf86028ad6"
          ],
          "failures": [],
          "pending": [],
          "skipped": [],
          "duration": 2019,
          "root": false,
          "rootEmpty": false,
          "_timeout": 2000
        }
      ],
      "passes": [],
      "failures": [],
      "pending": [],
      "skipped": [],
      "duration": 0,
      "root": true,
      "rootEmpty": true,
      "_timeout": 2000
    }
  ],
  "meta": {
    "mocha": {
      "version": "7.0.1"
    },
    "mochawesome": {
      "options": {
        "quiet": false,
        "reportFilename": "mochawesome",
        "saveHtml": true,
        "saveJson": true,
        "consoleReporter": "spec",
        "useInlineDiffs": false,
        "code": true
      },
      "version": "7.1.3"
    },
    "marge": {
      "options": {
        "charts": true,
        "overwrite": false,
        "html": true,
        "json": true
      },
      "version": "6.2.0"
    }
  }
}