{
  "stats": {
    "suites": 1,
    "tests": 8,
    "passes": 8,
    "pending": 0,
    "failures": 0,
    "start": "2022-10-03T13:53:51.456Z",
    "end": "2022-10-03T13:53:54.309Z",
    "duration": 2853,
    "testsRegistered": 8,
    "passPercent": 100,
    "pendingPercent": 0,
    "other": 0,
    "hasOther": false,
    "skipped": 0,
    "hasSkipped": false
  },
  "results": [
    {
      "uuid": "ee5eb5ab-cb58-4a04-86ce-d0bf33bf1f3e",
      "title": "",
      "fullFile": "cypress/e2e/WelcomepageFunctions.cy.js",
      "file": "cypress/e2e/WelcomepageFunctions.cy.js",
      "beforeHooks": [],
      "afterHooks": [],
      "tests": [],
      "suites": [
        {
          "uuid": "711725c1-8109-43c0-8254-ef42008992a2",
          "title": "FrontexTesting HomePage",
          "fullFile": "",
          "file": "",
          "beforeHooks": [],
          "afterHooks": [],
          "tests": [
            {
              "title": "Check bxo validation",
              "fullTitle": "FrontexTesting HomePage Check bxo validation",
              "timedOut": null,
              "duration": 965,
              "state": "passed",
              "speed": "fast",
              "pass": true,
              "fail": false,
              "pending": false,
              "context": null,
              "code": "//already done once but , \ncy.get('.block > input').should('be.visible').check();",
              "err": {},
              "uuid": "84c7e2b3-9e7f-49d9-b947-bfb3b87bef38",
              "parentUUID": "711725c1-8109-43c0-8254-ef42008992a2",
              "isHook": false,
              "skipped": false
            },
            {
              "title": "Search option Validation",
              "fullTitle": "FrontexTesting HomePage Search option Validation",
              "timedOut": null,
              "duration": 464,
              "state": "passed",
              "speed": "fast",
              "pass": true,
              "fail": false,
              "pending": false,
              "context": null,
              "code": "//checking for other or currnet nft \ncy.xpath(\"//input[@placeholder='Search NFTs']\").should('be.empty').type('Teste') // there are no nfts currently beside the one \n// clearing the are\n.clear();",
              "err": {},
              "uuid": "007c07dd-525b-4b2f-b972-5a821aa3da0a",
              "parentUUID": "711725c1-8109-43c0-8254-ef42008992a2",
              "isHook": false,
              "skipped": false
            },
            {
              "title": "NFTs area functional Validation",
              "fullTitle": "FrontexTesting HomePage NFTs area functional Validation",
              "timedOut": null,
              "duration": 130,
              "state": "passed",
              "speed": "fast",
              "pass": true,
              "fail": false,
              "pending": false,
              "context": null,
              "code": "//navigating\ncy.get('.sticky > :nth-child(2) > .flex').find('>li').should('have.length', '6').contains('NFTs').click({\n  setTimeout: 2000\n});",
              "err": {},
              "uuid": "6ca3fb65-f517-45c6-8d6f-84e053d6b32a",
              "parentUUID": "711725c1-8109-43c0-8254-ef42008992a2",
              "isHook": false,
              "skipped": false
            },
            {
              "title": "NFTs Recieve",
              "fullTitle": "FrontexTesting HomePage NFTs Recieve",
              "timedOut": null,
              "duration": 105,
              "state": "passed",
              "speed": "fast",
              "pass": true,
              "fail": false,
              "pending": false,
              "context": null,
              "code": "cy.get('.max-w-6xl > :nth-child(2) > .flex > :nth-child(1)').should('be.visible').click({\n  setTimeout: 2000\n}); //nothing happens as on tests",
              "err": {},
              "uuid": "c67c60c1-42fb-41a5-9ca2-b59dda4f7398",
              "parentUUID": "711725c1-8109-43c0-8254-ef42008992a2",
              "isHook": false,
              "skipped": false
            },
            {
              "title": "NFTs Buy functional Validation",
              "fullTitle": "FrontexTesting HomePage NFTs Buy functional Validation",
              "timedOut": null,
              "duration": 88,
              "state": "passed",
              "speed": "fast",
              "pass": true,
              "fail": false,
              "pending": false,
              "context": null,
              "code": "cy.get('.max-w-6xl > :nth-child(2) > .flex > :nth-child(2)').should('be.visible').click({\n  setTimeout: 2000\n}); //nothing happens as on tests",
              "err": {},
              "uuid": "98e2d08d-e802-40e1-9f4c-bb52e9e615fc",
              "parentUUID": "711725c1-8109-43c0-8254-ef42008992a2",
              "isHook": false,
              "skipped": false
            },
            {
              "title": "NFTs Favorites funciton",
              "fullTitle": "FrontexTesting HomePage NFTs Favorites funciton",
              "timedOut": null,
              "duration": 86,
              "state": "passed",
              "speed": "fast",
              "pass": true,
              "fail": false,
              "pending": false,
              "context": null,
              "code": "//sorting the NFTs\ncy.get('[href=\"/nfts?tab=favorites\"]').should('be.visible').click();\ncy.url().should('include', 'favorites');",
              "err": {},
              "uuid": "2803e04c-23c9-4194-bf68-b885841f5729",
              "parentUUID": "711725c1-8109-43c0-8254-ef42008992a2",
              "isHook": false,
              "skipped": false
            },
            {
              "title": "NFTs Activity functional Validation",
              "fullTitle": "FrontexTesting HomePage NFTs Activity functional Validation",
              "timedOut": null,
              "duration": 92,
              "state": "passed",
              "speed": "fast",
              "pass": true,
              "fail": false,
              "pending": false,
              "context": null,
              "code": "//sorting the NFTs\ncy.get('[href=\"/nfts?tab=favorites\"]').should('be.visible').click();\ncy.url().should('eq', 'https://dev-f0x-wallet.netlify.app/nfts?tab=favorites');",
              "err": {},
              "uuid": "b028f3ee-a1c9-45ee-b42a-07506568e17e",
              "parentUUID": "711725c1-8109-43c0-8254-ef42008992a2",
              "isHook": false,
              "skipped": false
            },
            {
              "title": "NFTs Collection putback",
              "fullTitle": "FrontexTesting HomePage NFTs Collection putback",
              "timedOut": null,
              "duration": 89,
              "state": "passed",
              "speed": "fast",
              "pass": true,
              "fail": false,
              "pending": false,
              "context": null,
              "code": "cy.get('[href=\"/nfts?tab=collections\"]').should('be.visible').click();\ncy.url().should('include', 'collections');",
              "err": {},
              "uuid": "844a96d2-bc91-41df-af57-0a685bf1b847",
              "parentUUID": "711725c1-8109-43c0-8254-ef42008992a2",
              "isHook": false,
              "skipped": false
            }
          ],
          "suites": [],
          "passes": [
            "84c7e2b3-9e7f-49d9-b947-bfb3b87bef38",
            "007c07dd-525b-4b2f-b972-5a821aa3da0a",
            "6ca3fb65-f517-45c6-8d6f-84e053d6b32a",
            "c67c60c1-42fb-41a5-9ca2-b59dda4f7398",
            "98e2d08d-e802-40e1-9f4c-bb52e9e615fc",
            "2803e04c-23c9-4194-bf68-b885841f5729",
            "b028f3ee-a1c9-45ee-b42a-07506568e17e",
            "844a96d2-bc91-41df-af57-0a685bf1b847"
          ],
          "failures": [],
          "pending": [],
          "skipped": [],
          "duration": 2019,
          "root": false,
          "rootEmpty": false,
          "_timeout": 2000
        }
      ],
      "passes": [],
      "failures": [],
      "pending": [],
      "skipped": [],
      "duration": 0,
      "root": true,
      "rootEmpty": true,
      "_timeout": 2000
    }
  ],
  "meta": {
    "mocha": {
      "version": "7.0.1"
    },
    "mochawesome": {
      "options": {
        "quiet": false,
        "reportFilename": "mochawesome",
        "saveHtml": true,
        "saveJson": true,
        "consoleReporter": "spec",
        "useInlineDiffs": false,
        "code": true
      },
      "version": "7.1.3"
    },
    "marge": {
      "options": null,
      "version": "6.2.0"
    }
  }
}